2022-08-18 18:29:39.574  INFO 7404 --- [main] c.rodrigo.testefix.TesteFixApplication   : Starting TesteFixApplication using Java 11.0.12 on Rodrigo with PID 7404 (C:\Users\rodri\Desktop\Desenvolvimento\Projetos\teste-fix\target\classes started by rodri in C:\Users\rodri\Desktop\Desenvolvimento\Projetos\teste-fix)
2022-08-18 18:29:39.581  INFO 7404 --- [main] c.rodrigo.testefix.TesteFixApplication   : No active profile set, falling back to 1 default profile: "default"
2022-08-18 18:29:44.050  INFO 7404 --- [main] o.s.b.w.embedded.tomcat.TomcatWebServer  : Tomcat initialized with port(s): 8089 (http)
2022-08-18 18:29:44.097  INFO 7404 --- [main] o.apache.catalina.core.StandardService   : Starting service [Tomcat]
2022-08-18 18:29:44.098  INFO 7404 --- [main] org.apache.catalina.core.StandardEngine  : Starting Servlet engine: [Apache Tomcat/9.0.65]
2022-08-18 18:29:44.441  INFO 7404 --- [main] o.a.c.c.C.[Tomcat].[localhost].[/]       : Initializing Spring embedded WebApplicationContext
2022-08-18 18:29:44.441  INFO 7404 --- [main] w.s.c.ServletWebServerApplicationContext : Root WebApplicationContext: initialization completed in 4549 ms
2022-08-18 18:29:44.743  INFO 7404 --- [main] i.a.q.s.b.s.c.SessionSettingsLocator     : Loading settings from 'classpath:/quickfixj-server.cfg'
2022-08-18 18:29:48.535  INFO 7404 --- [main] i.a.q.s.b.s.c.SessionSettingsLocator     : Loading settings from 'classpath:/quickfixj-client.cfg'
2022-08-18 18:29:49.367  INFO 7404 --- [main] o.s.b.w.embedded.tomcat.TomcatWebServer  : Tomcat started on port(s): 8089 (http) with context path ''
2022-08-18 18:29:49.369  INFO 7404 --- [main] i.a.q.s.b.s.connection.ConnectorManager  : start: Starting ConnectorManager
2022-08-18 18:29:49.843  INFO 7404 --- [main] quickfix.DefaultSessionSchedule          : [FIX.4.1:BANZAI->EXEC] daily, 00:00:00-UTC - 00:00:00-UTC
2022-08-18 18:29:49.896  INFO 7404 --- [main] quickfix.mina.NetworkingOptions          : Socket option: SocketTcpNoDelay=true
2022-08-18 18:29:49.897  INFO 7404 --- [main] quickfix.mina.NetworkingOptions          : Socket option: SocketSynchronousWrites=false
2022-08-18 18:29:49.897  INFO 7404 --- [main] quickfix.mina.NetworkingOptions          : Socket option: SocketSynchronousWriteTimeout=30000
2022-08-18 18:29:49.975  INFO 7404 --- [main] quickfix.SocketInitiator                 : SessionTimer started
2022-08-18 18:29:49.977  INFO 7404 --- [main] i.a.q.s.b.s.connection.ConnectorManager  : start: Starting ConnectorManager
2022-08-18 18:29:49.978  INFO 7404 --- [QFJ Message Processor] quickfix.SocketInitiator                 : Started QFJ Message Processor
2022-08-18 18:29:49.980  INFO 7404 --- [main] quickfix.DefaultSessionSchedule          : [FIX.4.1:EXEC->BANZAI] daily, 00:00:00-UTC - 00:00:00-UTC
2022-08-18 18:29:49.981  INFO 7404 --- [main] quickfix.SocketAcceptor                  : SessionTimer started
2022-08-18 18:29:50.020  INFO 7404 --- [main] quickfix.mina.NetworkingOptions          : Socket option: SocketTcpNoDelay=true
2022-08-18 18:29:50.020  INFO 7404 --- [main] quickfix.mina.NetworkingOptions          : Socket option: SocketSynchronousWrites=false
2022-08-18 18:29:50.021  INFO 7404 --- [main] quickfix.mina.NetworkingOptions          : Socket option: SocketSynchronousWriteTimeout=30000
2022-08-18 18:29:50.025  INFO 7404 --- [main] quickfix.SocketAcceptor                  : Listening for connections at 0.0.0.0/0.0.0.0:9877 for session(s) [FIX.4.1:EXEC->BANZAI]
2022-08-18 18:29:50.026  INFO 7404 --- [QFJ Message Processor] quickfix.SocketAcceptor                  : Started QFJ Message Processor
2022-08-18 18:29:50.049  INFO 7404 --- [main] c.rodrigo.testefix.TesteFixApplication   : Started TesteFixApplication in 14.302 seconds (JVM running for 16.222)
2022-08-18 18:29:50.502  INFO 7404 --- [NioProcessor-12] q.mina.acceptor.AcceptorIoHandler        : MINA session created: local=/127.0.0.1:9877, class org.apache.mina.transport.socket.nio.NioSocketSession, remote=/127.0.0.1:51947
2022-08-18 18:30:47.902  INFO 7404 --- [http-nio-8089-exec-2] o.a.c.c.C.[Tomcat].[localhost].[/]       : Initializing Spring DispatcherServlet 'dispatcherServlet'
2022-08-18 18:30:47.903  INFO 7404 --- [http-nio-8089-exec-2] o.s.web.servlet.DispatcherServlet        : Initializing Servlet 'dispatcherServlet'
2022-08-18 18:30:47.904  INFO 7404 --- [http-nio-8089-exec-2] o.s.web.servlet.DispatcherServlet        : Completed initialization in 1 ms
2022-08-18 18:31:33.920 ERROR 7404 --- [http-nio-8089-exec-8] o.a.c.c.C.[.[.[/].[dispatcherServlet]    : Servlet.service() for servlet [dispatcherServlet] in context with path [] threw exception [Request processing failed; nested exception is java.lang.RuntimeException] with root cause
java.lang.RuntimeException: null
	at java.base/java.util.Optional.orElseThrow(Optional.java:408) ~[na:na]
	at com.rodrigo.testefix.controller.TesteFixController.sendMessageToClient(TesteFixController.java:41) ~[classes/:na]
	at java.base/jdk.internal.reflect.NativeMethodAccessorImpl.invoke0(Native Method) ~[na:na]
	at java.base/jdk.internal.reflect.NativeMethodAccessorImpl.invoke(NativeMethodAccessorImpl.java:62) ~[na:na]
	at java.base/jdk.internal.reflect.DelegatingMethodAccessorImpl.invoke(DelegatingMethodAccessorImpl.java:43) ~[na:na]
2022-08-18 18:32:19.501 ERROR 7404 --- [http-nio-8089-exec-4] o.a.c.c.C.[.[.[/].[dispatcherServlet]    : Servlet.service() for servlet [dispatcherServlet] in context with path [] threw exception [Request processing failed; nested exception is java.lang.RuntimeException] with root cause
java.lang.RuntimeException: null
	at java.base/java.util.Optional.orElseThrow(Optional.java:408) ~[na:na]
	at com.rodrigo.testefix.controller.TesteFixController.sendMessageToServer(TesteFixController.java:56) ~[classes/:na]
	at java.base/jdk.internal.reflect.NativeMethodAccessorImpl.invoke0(Native Method) ~[na:na]
	at java.base/jdk.internal.reflect.NativeMethodAccessorImpl.invoke(NativeMethodAccessorImpl.java:62) ~[na:na]
	at java.base/jdk.internal.reflect.DelegatingMethodAccessorImpl.invoke(DelegatingMethodAccessorImpl.java:43) ~[na:na]
